Renderer info: NVIDIA GeForce RTX 3060/PCIe/SSE2 version 4.6.0 NVIDIA 550.144.03 from NVIDIA Corporation
Depth buffer bits: 24
Multisampling enabled
Adding file system path "/usr/share/TrenchBroom/defaults/assets"
Adding file system path "/home/jackm/Documents/Godot4/boss-rush-jam-2025/."
Loading document from /home/jackm/Documents/Godot4/boss-rush-jam-2025/src/maps/tutorial/tutorial.map
Adding file system path "/usr/share/TrenchBroom/defaults/assets"
Adding file system path "/home/jackm/Documents/Godot4/boss-rush-jam-2025/."
Adding file system path "/home/jackm/Documents/Godot4/boss-rush-jam-2025/assets"
Loaded entity definition file FuncGodot.fgd
No diffuse textures found for material 0 of model 'assets/trenchbroom/models/PlayerRef.glb', loading fallback texture
No diffuse textures found for material 1 of model 'assets/trenchbroom/models/PlayerRef.glb', loading fallback texture
No diffuse textures found for material 2 of model 'assets/trenchbroom/models/PlayerRef.glb', loading fallback texture
Could not load entity model frame ModelSpecification{path: "assets/trenchbroom/models/Chandellier2LightOnly.glb", skinIndex: 0, frameIndex: 0}: Could not load model assets/trenchbroom/models/Chandellier2LightOnly.glb: Assimp couldn't import model from 'assets/trenchbroom/models/Chandellier2LightOnly.glb': Model has no vertices. (So no valid bounding box.)
Could not load entity model frame ModelSpecification{path: "assets/trenchbroom/models/Chandellier1.glb", skinIndex: 0, frameIndex: 0}: Could not load model assets/trenchbroom/models/Chandellier1.glb: Assimp couldn't import model from 'assets/trenchbroom/models/Chandellier1.glb': Model has no vertices. (So no valid bounding box.)
Could not load model assets/trenchbroom/models/SlidingDoor.glb: 'assets/trenchbroom/models/SlidingDoor.glb' not found
Could not load model assets/trenchbroom/models/TutorialBoss.glb: 'assets/trenchbroom/models/TutorialBoss.glb' not found
Loaded texture collection '"textures"'
Loaded texture collection '"textures/placeholder"'
Loaded texture collection '"textures/walls"'
Loaded texture collection '"textures/doors"'
Loaded texture collection '"textures/platforms"'
Loaded texture collection '"textures/special"'
Loaded texture collection '"textures/posters"'
Loaded texture collection '"textures/floor"'
Failed to construct entity model renderer for ModelSpecification{path: "assets/trenchbroom/models/Chandellier2LightOnly.glb", skinIndex: 0, frameIndex: 0}, check the skin and frame indices
Failed to construct entity model renderer for ModelSpecification{path: "assets/trenchbroom/models/Chandellier1.glb", skinIndex: 0, frameIndex: 0}, check the skin and frame indices
Loaded "/home/jackm/Documents/Godot4/boss-rush-jam-2025/src/maps/tutorial/tutorial.map" in 1247ms
Saved "/home/jackm/Documents/Godot4/boss-rush-jam-2025/src/maps/tutorial/tutorial.map" in 6ms
Reloading texture collections
Loaded texture collection '"textures"'
Loaded texture collection '"textures/placeholder"'
Loaded texture collection '"textures/walls"'
Loaded texture collection '"textures/doors"'
Loaded texture collection '"textures/platforms"'
Loaded texture collection '"textures/special"'
Loaded texture collection '"textures/posters"'
Loaded texture collection '"textures/floor"'
Parsed successfully as Valve entities (unknown position)
Created autosave backup at "/home/jackm/Documents/Godot4/boss-rush-jam-2025/src/maps/tutorial/autosave/tutorial.6.map"
Could not resize brush: Brush is empty
Could not resize brush: Brush is empty
Could not resize brush: Brush is empty
Could not resize brush: Brush is empty
Could not resize brush: Brush is empty
Could not resize brush: Brush is empty
Could not resize brush: Brush is empty
Could not resize brush: Brush is empty
Could not resize brush: Brush is empty
Could not resize brush: Brush is empty
Could not resize brush: Brush is empty
Could not resize brush: Brush is empty
Could not resize brush: Brush is empty
Could not resize brush: Brush is empty
Could not resize brush: Brush is empty
Could not resize brush: Brush is empty
Could not resize brush: Brush is empty
Could not resize brush: Brush is empty
Could not resize brush: Brush is empty
Could not resize brush: Brush is empty
Could not resize brush: Brush is empty
Could not resize brush: Brush is empty
Could not resize brush: Brush is empty
Could not resize brush: Brush is empty
Could not resize brush: Brush is empty
Could not resize brush: Brush is empty
Could not resize brush: Brush is empty
Could not resize brush: Brush is empty
Could not resize brush: Brush is empty
Couldn't parse as Valve entities: At line 1, column 1: Expected '{', but got '(' (raw data: '(') (unknown position)
Couldn't parse as Valve brushes: At line 1, column 1: Expected '{', but got '(' (raw data: '(') (unknown position)
Couldn't parse as Standard entities: At line 1, column 1: Expected '{', but got '(' (raw data: '(') (unknown position)
Couldn't parse as Standard brushes: At line 1, column 1: Expected '{', but got '(' (raw data: '(') (unknown position)
Couldn't parse as Valve entities: At line 1, column 1: Expected '{', but got '(' (raw data: '(') (unknown position)
Couldn't parse as Valve brushes: At line 1, column 1: Expected '{', but got '(' (raw data: '(') (unknown position)
Couldn't parse as Standard entities: At line 1, column 1: Expected '{', but got '(' (raw data: '(') (unknown position)
Couldn't parse as Standard brushes: At line 1, column 1: Expected '{', but got '(' (raw data: '(') (unknown position)
Saved "/home/jackm/Documents/Godot4/boss-rush-jam-2025/src/maps/tutorial/tutorial.map" in 6ms
Parsed successfully as Valve entities (unknown position)
Saved "/home/jackm/Documents/Godot4/boss-rush-jam-2025/src/maps/tutorial/tutorial.map" in 6ms
Saved "/home/jackm/Documents/Godot4/boss-rush-jam-2025/src/maps/tutorial/tutorial.map" in 6ms
Saved "/home/jackm/Documents/Godot4/boss-rush-jam-2025/src/maps/tutorial/tutorial.map" in 6ms
Saved "/home/jackm/Documents/Godot4/boss-rush-jam-2025/src/maps/tutorial/tutorial.map" in 6ms
Couldn't parse as Valve entities: At line 1, column 1: Expected '{', but got '(' (raw data: '(') (unknown position)
Couldn't parse as Valve brushes: At line 1, column 1: Expected '{', but got '(' (raw data: '(') (unknown position)
Couldn't parse as Standard entities: At line 1, column 1: Expected '{', but got '(' (raw data: '(') (unknown position)
Couldn't parse as Standard brushes: At line 1, column 1: Expected '{', but got '(' (raw data: '(') (unknown position)
Saved "/home/jackm/Documents/Godot4/boss-rush-jam-2025/src/maps/tutorial/tutorial.map" in 6ms
Saved "/home/jackm/Documents/Godot4/boss-rush-jam-2025/src/maps/tutorial/tutorial.map" in 6ms
Parsed successfully as Valve entities (unknown position)
Created autosave backup at "/home/jackm/Documents/Godot4/boss-rush-jam-2025/src/maps/tutorial/autosave/tutorial.7.map"
Couldn't parse as Valve entities: At line 1, column 1: Expected '{', but got '(' (raw data: '(') (unknown position)
Couldn't parse as Valve brushes: At line 1, column 1: Expected '{', but got '(' (raw data: '(') (unknown position)
Couldn't parse as Standard entities: At line 1, column 1: Expected '{', but got '(' (raw data: '(') (unknown position)
Couldn't parse as Standard brushes: At line 1, column 1: Expected '{', but got '(' (raw data: '(') (unknown position)
Could not resize brush: Brush is empty
Could not resize brush: Brush is empty
Could not resize brush: Brush is empty
Could not resize brush: Brush is empty
Could not resize brush: Brush is empty
Could not resize brush: Brush is empty
Could not resize brush: Brush is empty
Could not resize brush: Brush is empty
Could not resize brush: Brush is empty
Could not resize brush: Brush is empty
Could not resize brush: Brush is empty
Could not resize brush: Brush is empty
Could not resize brush: Brush is empty
Could not resize brush: Brush is empty
Could not resize brush: Brush is empty
Could not resize brush: Brush is empty
Could not resize brush: Brush is empty
Could not resize brush: Brush is empty
Could not resize brush: Brush is empty
Could not resize brush: Brush is empty
Could not resize brush: Brush is empty
Could not resize brush: Brush is empty
Could not resize brush: Brush is empty
Could not resize brush: Brush is empty
Could not resize brush: Brush is empty
Could not resize brush: Brush is empty
Could not resize brush: Brush is empty
Could not resize brush: Brush is empty
Could not resize brush: Brush is empty
Couldn't parse as Valve entities: At line 1, column 1: Expected '{', but got '(' (raw data: '(') (unknown position)
Couldn't parse as Valve brushes: At line 1, column 1: Expected '{', but got '(' (raw data: '(') (unknown position)
Couldn't parse as Standard entities: At line 1, column 1: Expected '{', but got '(' (raw data: '(') (unknown position)
Couldn't parse as Standard brushes: At line 1, column 1: Expected '{', but got '(' (raw data: '(') (unknown position)
Saved "/home/jackm/Documents/Godot4/boss-rush-jam-2025/src/maps/tutorial/tutorial.map" in 6ms
Saved "/home/jackm/Documents/Godot4/boss-rush-jam-2025/src/maps/tutorial/tutorial.map" in 6ms
Saved "/home/jackm/Documents/Godot4/boss-rush-jam-2025/src/maps/tutorial/tutorial.map" in 6ms
Couldn't parse as Valve entities: At line 1, column 1: Expected '{', but got '(' (raw data: '(') (unknown position)
Couldn't parse as Valve brushes: At line 1, column 1: Expected '{', but got '(' (raw data: '(') (unknown position)
Couldn't parse as Standard entities: At line 1, column 1: Expected '{', but got '(' (raw data: '(') (unknown position)
Couldn't parse as Standard brushes: At line 1, column 1: Expected '{', but got '(' (raw data: '(') (unknown position)
Couldn't parse as Valve entities: At line 1, column 1: Expected '{', but got '(' (raw data: '(') (unknown position)
Couldn't parse as Valve brushes: At line 1, column 1: Expected '{', but got '(' (raw data: '(') (unknown position)
Couldn't parse as Standard entities: At line 1, column 1: Expected '{', but got '(' (raw data: '(') (unknown position)
Couldn't parse as Standard brushes: At line 1, column 1: Expected '{', but got '(' (raw data: '(') (unknown position)
Couldn't parse as Valve entities: At line 1, column 1: Expected '{', but got '(' (raw data: '(') (unknown position)
Couldn't parse as Valve brushes: At line 1, column 1: Expected '{', but got '(' (raw data: '(') (unknown position)
Couldn't parse as Standard entities: At line 1, column 1: Expected '{', but got '(' (raw data: '(') (unknown position)
Couldn't parse as Standard brushes: At line 1, column 1: Expected '{', but got '(' (raw data: '(') (unknown position)
Couldn't parse as Valve entities: At line 1, column 1: Expected '{', but got '(' (raw data: '(') (unknown position)
Couldn't parse as Valve brushes: At line 1, column 1: Expected '{', but got '(' (raw data: '(') (unknown position)
Couldn't parse as Standard entities: At line 1, column 1: Expected '{', but got '(' (raw data: '(') (unknown position)
Couldn't parse as Standard brushes: At line 1, column 1: Expected '{', but got '(' (raw data: '(') (unknown position)
Saved "/home/jackm/Documents/Godot4/boss-rush-jam-2025/src/maps/tutorial/tutorial.map" in 6ms
Saved "/home/jackm/Documents/Godot4/boss-rush-jam-2025/src/maps/tutorial/tutorial.map" in 6ms
Created autosave backup at "/home/jackm/Documents/Godot4/boss-rush-jam-2025/src/maps/tutorial/autosave/tutorial.8.map"
Could not resize brush: Brush is empty
Could not resize brush: Brush is empty
Could not resize brush: Brush is empty
Could not resize brush: Brush is empty
Could not resize brush: Brush is empty
Could not resize brush: Brush is empty
Could not resize brush: Brush is empty
Could not resize brush: Brush is empty
Could not resize brush: Brush is empty
Could not resize brush: Brush is empty
Could not resize brush: Brush is empty
Could not resize brush: Brush is empty
Could not resize brush: Brush is empty
Could not resize brush: Brush is empty
Couldn't parse as Valve entities: At line 1, column 1: Expected '{', but got '(' (raw data: '(') (unknown position)
Couldn't parse as Valve brushes: At line 1, column 1: Expected '{', but got '(' (raw data: '(') (unknown position)
Couldn't parse as Standard entities: At line 1, column 1: Expected '{', but got '(' (raw data: '(') (unknown position)
Couldn't parse as Standard brushes: At line 1, column 1: Expected '{', but got '(' (raw data: '(') (unknown position)
Saved "/home/jackm/Documents/Godot4/boss-rush-jam-2025/src/maps/tutorial/tutorial.map" in 6ms
Saved "/home/jackm/Documents/Godot4/boss-rush-jam-2025/src/maps/tutorial/tutorial.map" in 6ms
Saved "/home/jackm/Documents/Godot4/boss-rush-jam-2025/src/maps/tutorial/tutorial.map" in 6ms
Could not resize brush: Brush is empty
Could not resize brush: Brush is empty
Could not resize brush: Brush is empty
Could not resize brush: Brush is empty
Could not resize brush: Brush is empty
Could not resize brush: Brush is empty
Could not resize brush: Brush is empty
Could not resize brush: Brush is empty
Could not resize brush: Brush is empty
Could not resize brush: Brush is empty
Could not resize brush: Brush is empty
Could not resize brush: Brush is empty
Could not resize brush: Brush is empty
Could not resize brush: Brush is empty
Could not resize brush: Brush is empty
Could not resize brush: Brush is empty
Could not resize brush: Brush is empty
Could not resize brush: Brush is empty
Could not resize brush: Brush is empty
Could not resize brush: Brush is empty
Could not resize brush: Brush is empty
Could not resize brush: Brush is empty
Could not resize brush: Brush is empty
Could not resize brush: Brush is empty
Could not resize brush: Brush is empty
Could not resize brush: Brush is empty
Could not resize brush: Brush is empty
Could not resize brush: Brush is empty
Could not resize brush: Brush is empty
Could not resize brush: Brush is empty
Could not resize brush: Brush is empty
Could not resize brush: Brush is empty
Could not resize brush: Brush is empty
Could not resize brush: Brush is empty
Could not resize brush: Brush is empty
Could not resize brush: Brush is empty
Could not resize brush: Brush is empty
Could not resize brush: Brush is empty
Could not resize brush: Brush is empty
Could not resize brush: Brush is empty
Could not resize brush: Brush is empty
Could not resize brush: Brush is empty
Could not resize brush: Brush is empty
Could not resize brush: Brush is empty
Could not resize brush: Brush is empty
Could not resize brush: Brush is empty
Could not resize brush: Brush is empty
Could not resize brush: Brush is empty
Could not resize brush: Brush is empty
Could not resize brush: Brush is empty
Could not resize brush: Brush is empty
Could not resize brush: Brush is empty
Could not resize brush: Brush is empty
Could not resize brush: Brush is empty
Could not resize brush: Brush is empty
Could not resize brush: Brush is empty
Could not resize brush: Brush is empty
Could not resize brush: Brush is empty
Could not resize brush: Brush is empty
Could not resize brush: Brush is empty
Could not resize brush: Brush is empty
Could not resize brush: Brush is empty
Could not resize brush: Brush is empty
Could not resize brush: Brush is empty
Could not resize brush: Brush is empty
Could not resize brush: Brush is empty
Could not resize brush: Brush is empty
Could not resize brush: Brush is empty
Could not resize brush: Brush is empty
Could not resize brush: Brush is empty
Could not resize brush: Brush is empty
Could not resize brush: Brush is empty
Could not resize brush: Brush is empty
Could not resize brush: Brush is empty
Could not resize brush: Brush is empty
Could not resize brush: Brush is empty
Could not resize brush: Brush is empty
Could not resize brush: Brush is empty
Could not resize brush: Brush is empty
Could not resize brush: Brush is empty
Could not resize brush: Brush is empty
Saved "/home/jackm/Documents/Godot4/boss-rush-jam-2025/src/maps/tutorial/tutorial.map" in 6ms
Parsed successfully as Valve entities (unknown position)
Saved "/home/jackm/Documents/Godot4/boss-rush-jam-2025/src/maps/tutorial/tutorial.map" in 6ms
Saved "/home/jackm/Documents/Godot4/boss-rush-jam-2025/src/maps/tutorial/tutorial.map" in 6ms
Could not resize brush: Brush is empty
Could not resize brush: Brush is empty
Could not resize brush: Brush is empty
Could not resize brush: Brush is empty
Could not resize brush: Brush is empty
Could not resize brush: Brush is empty
Could not resize brush: Brush is empty
Could not resize brush: Brush is empty
Could not resize brush: Brush is empty
Could not resize brush: Brush is empty
Could not resize brush: Brush is empty
Could not resize brush: Brush is empty
Could not resize brush: Brush is empty
Could not resize brush: Brush is empty
Could not resize brush: Brush is empty
Could not resize brush: Brush is empty
Could not resize brush: Brush is empty
Could not resize brush: Brush is empty
Could not resize brush: Brush is empty
Could not resize brush: Brush is empty
Could not resize brush: Brush is empty
Saved "/home/jackm/Documents/Godot4/boss-rush-jam-2025/src/maps/tutorial/tutorial.map" in 6ms
